Build started 2015-04-26 10:45:29.
     1>Project "D:\LULA\LulaUczySieSDL1\Win32Project1\Win32Project1\Win32Project1.vcxproj" on node 2 (Rebuild target(s)).
     1>ClCompile:
         C:\Program Files (x86)\Microsoft Visual Studio 12.0\VC\bin\CL.exe /c /ZI /nologo /W3 /WX- /sdl /Od /Oy- /D WIN32 /D _DEBUG /D _CONSOLE /D _LIB /D _UNICODE /D UNICODE /Gm /EHsc /RTC1 /MDd /GS /fp:precise /Zc:wchar_t /Zc:forScope /Fo"Debug\\" /Fd"Debug\vc120.pdb" /Gd /TP /analyze- /errorReport:prompt main.cpp
         main.cpp
     1>d:\lula\lulauczysiesdl1\win32project1\win32project1\main.cpp(80): warning C4244: 'initializing' : conversion from 'int' to 'float', possible loss of data
     1>d:\lula\lulauczysiesdl1\win32project1\win32project1\main.cpp(83): warning C4244: 'initializing' : conversion from 'int' to 'float', possible loss of data
     1>d:\lula\lulauczysiesdl1\win32project1\win32project1\main.cpp(84): warning C4244: 'initializing' : conversion from 'int' to 'float', possible loss of data
     1>d:\lula\lulauczysiesdl1\win32project1\win32project1\main.cpp(208): warning C4244: '=' : conversion from 'float' to 'int', possible loss of data
     1>d:\lula\lulauczysiesdl1\win32project1\win32project1\main.cpp(209): warning C4244: '=' : conversion from 'float' to 'int', possible loss of data
     1>d:\lula\lulauczysiesdl1\win32project1\win32project1\main.cpp(210): warning C4244: '=' : conversion from 'float' to 'int', possible loss of data
     1>d:\lula\lulauczysiesdl1\win32project1\win32project1\main.cpp(211): warning C4244: '=' : conversion from 'float' to 'int', possible loss of data
     1>d:\lula\lulauczysiesdl1\win32project1\win32project1\main.cpp(212): warning C4244: '=' : conversion from 'float' to 'int', possible loss of data
     1>d:\lula\lulauczysiesdl1\win32project1\win32project1\main.cpp(213): warning C4244: '=' : conversion from 'float' to 'int', possible loss of data
       Link:
         C:\Program Files (x86)\Microsoft Visual Studio 12.0\VC\bin\link.exe /ERRORREPORT:PROMPT /OUT:"D:\LULA\LulaUczySieSDL1\Win32Project1\Debug\Win32Project1.exe" /INCREMENTAL /NOLOGO SDL2.lib SDL2main.lib SDL2_image.lib kernel32.lib user32.lib gdi32.lib winspool.lib comdlg32.lib advapi32.lib shell32.lib ole32.lib oleaut32.lib uuid.lib odbc32.lib odbccp32.lib /MANIFEST /MANIFESTUAC:"level='asInvoker' uiAccess='false'" /manifest:embed /DEBUG /PDB:"D:\LULA\LulaUczySieSDL1\Win32Project1\Debug\Win32Project1.pdb" /SUBSYSTEM:CONSOLE /TLBID:1 /DYNAMICBASE /NXCOMPAT /IMPLIB:"D:\LULA\LulaUczySieSDL1\Win32Project1\Debug\Win32Project1.lib" /MACHINE:X86 /NODEFAULTLIB:msvcrt.lib Debug\main.obj
         Win32Project1.vcxproj -> D:\LULA\LulaUczySieSDL1\Win32Project1\Debug\Win32Project1.exe
     1>Done Building Project "D:\LULA\LulaUczySieSDL1\Win32Project1\Win32Project1\Win32Project1.vcxproj" (Rebuild target(s)).

Build succeeded.

Time Elapsed 00:00:00.95
